E:\Microsoft Visual Studio\2017\Community\Common7\IDE\VC\VCTargets\Microsoft.CppBuild.targets(387,5): warning MSB8028: The intermediate directory (Debug\) contains files shared from another project (CalcLex.vcxproj).  This can lead to incorrect clean and rebuild behavior.
  stdafx.cpp
  Reco.cpp
e:\microsoft visual studio\2017\community\vc\tools\msvc\14.10.25017\include\utility(189): warning C4244: 'initializing': conversion from 'double' to 'int', possible loss of data
  c:\users\gustavo\documents\visual studio 2017\projects\calclex\calclex\reco.cpp(73): note: see reference to function template instantiation 'std::pair<std::string,int>::pair<std::string&,double&,void,0>(_Other1,_Other2) noexcept(false)' being compiled
          with
          [
              _Other1=std::string &,
              _Other2=double &
          ]
  c:\users\gustavo\documents\visual studio 2017\projects\calclex\calclex\reco.cpp(73): note: see reference to function template instantiation 'std::pair<std::string,int>::pair<std::string&,double&,void,0>(_Other1,_Other2) noexcept(false)' being compiled
          with
          [
              _Other1=std::string &,
              _Other2=double &
          ]
  lexer.cpp
  main.cpp
  Generating Code...
  CalcLex.vcxproj -> C:\Users\Gustavo\Documents\Visual Studio 2017\Projects\CalcLex\Debug\CompLeX.exe
  CalcLex.vcxproj -> C:\Users\Gustavo\Documents\Visual Studio 2017\Projects\CalcLex\Debug\CompLeX.pdb (Partial PDB)
